<?xml version="1.0" encoding="UTF-8"?>
<!-- Generated by org.testng.reporters.JUnitReportReporter -->
<testsuite hostname="LAPTOP-40MCKAT2" failures="0" tests="1" name="firstaaa.A" time="0.008" errors="0" timestamp="2021-10-07T13:24:00 IST" skipped="0">
  <testcase classname="firstaaa.A" name="asd" time="0.008"/>
  <system-out/>
</testsuite> <!-- firstaaa.A -->
