<?xml version="1.0" encoding="UTF-8"?>
<!-- Generated by org.testng.reporters.JUnitReportReporter -->
<testsuite hostname="LAPTOP-40MCKAT2" failures="0" tests="9" name="Practise.Topic1" time="0.010" errors="0" timestamp="2021-10-08T14:12:24 IST" skipped="0">
  <testcase classname="Practise.Topic1" name="clickLogin" time="0.002"/>
  <system-out/>
  <testcase classname="Practise.Topic1" name="clickManageAdd" time="0.001"/>
  <system-out/>
  <testcase classname="Practise.Topic1" name="clickMyProfile" time="0.002"/>
  <system-out/>
  <testcase classname="Practise.Topic1" name="openUrl" time="0.000"/>
  <system-out/>
  <testcase classname="Practise.Topic1" name="enterP" time="0.001"/>
  <system-out/>
  <testcase classname="Practise.Topic1" name="enterU" time="0.001"/>
  <system-out/>
  <testcase classname="Practise.Topic1" name="openApp" time="0.001"/>
  <system-out/>
  <testcase classname="Practise.Topic1" name="validation" time="0.001"/>
  <system-out/>
  <testcase classname="Practise.Topic1" name="updateAdd" time="0.001"/>
  <system-out/>
</testsuite> <!-- Practise.Topic1 -->
