<?xml version="1.0" encoding="UTF-8"?>
<!-- Generated by org.testng.reporters.JUnitReportReporter -->
<testsuite hostname="LAPTOP-40MCKAT2" failures="0" tests="4" name="first.Login" time="0.027" errors="0" timestamp="2021-10-08T14:17:51 IST" skipped="2">
  <testcase classname="first.Login" name="l" time="0.007"/>
  <system-out/>
  <testcase classname="first.Login" name="result" time="0.020"/>
  <system-out/>
  <testcase classname="first.Login" name="testcase2">
    <skipped/>
  </testcase> <!-- testcase2 -->
  <system-out/>
  <testcase classname="first.Login" name="testcase1">
    <skipped/>
  </testcase> <!-- testcase1 -->
  <system-out/>
</testsuite> <!-- first.Login -->
