<?xml version="1.0" encoding="UTF-8"?>
<!-- Generated by org.testng.reporters.JUnitReportReporter -->
<testsuite hostname="LAPTOP-40MCKAT2" failures="0" tests="3" name="first.Click" time="0.003" errors="0" timestamp="2021-10-08T14:12:24 IST" skipped="0">
  <testcase classname="first.Click" name="l" time="0.001"/>
  <system-out/>
  <testcase classname="first.Click" name="testcase8" time="0.001"/>
  <system-out/>
  <testcase classname="first.Click" name="result9" time="0.001"/>
  <system-out/>
</testsuite> <!-- first.Click -->
